<?xml version="1.0" encoding="UTF-8"?>
<!-- Generated by org.testng.reporters.JUnitReportReporter -->
<testsuite hostname="LAPTOP-6DHJKUJ7" failures="0" tests="1" name="RestAssured.Post_CreatePet" time="3.571" errors="0" timestamp="2022-07-13T13:45:16 EDT" skipped="0">
  <testcase classname="RestAssured.Post_CreatePet" name="createPet" time="3.571"/>
  <system-out/>
</testsuite> <!-- RestAssured.Post_CreatePet -->
