<?xml version="1.0" encoding="UTF-8"?>
<!-- Generated by org.testng.reporters.JUnitReportReporter -->
<testsuite hostname="LAPTOP-6DHJKUJ7" failures="0" tests="1" name="RestAssured.Put_UpdatePet" time="2.548" errors="0" timestamp="2022-07-13T13:54:37 EDT" skipped="0">
  <testcase classname="RestAssured.Put_UpdatePet" name="DeletePet" time="2.548"/>
  <system-out/>
</testsuite> <!-- RestAssured.Put_UpdatePet -->
