<?xml version="1.0" encoding="UTF-8"?>
<!-- Generated by org.testng.reporters.JUnitReportReporter -->
<testsuite hostname="LAPTOP-6DHJKUJ7" failures="0" tests="1" name="RestAssured.GetStatus" time="5.122" errors="0" timestamp="2022-07-13T13:26:37 EDT" skipped="0">
  <testcase classname="RestAssured.GetStatus" name="getAllStatus" time="5.122"/>
  <system-out/>
</testsuite> <!-- RestAssured.GetStatus -->
